<?xml version="1.0" encoding="utf-8"?>
<coverage line-rate="0.38520000000000004" branch-rate="0.8125" version="1.9" timestamp="1774259177" lines-covered="953" lines-valid="2474" branches-covered="169" branches-valid="208">
  <sources>
    <source>C:\Users\pierr\Documents\Formation OpenClassrooms\FindexiumAPI\P7CreateRestApi\</source>
  </sources>
  <packages>
    <package name="FindexiumAPI" line-rate="0.38520000000000004" branch-rate="0.8125" complexity="386">
      <classes>
        <class name="Program/&lt;&lt;&lt;Main&gt;$&gt;g__CreateFirstAdmin|0_8&gt;d" filename="Program.cs" line-rate="0" branch-rate="0" complexity="2">
          <methods>
            <method name="MoveNext" signature="()" line-rate="0" branch-rate="0" complexity="2">
              <lines>
                <line number="200" hits="0" branch="False" />
                <line number="201" hits="0" branch="False" />
                <line number="202" hits="0" branch="False" />
                <line number="203" hits="0" branch="False" />
                <line number="204" hits="0" branch="True" condition-coverage="0% (0/2)">
                  <conditions>
                    <condition number="310" type="jump" coverage="0%" />
                  </conditions>
                </line>
                <line number="205" hits="0" branch="False" />
                <line number="206" hits="0" branch="False" />
                <line number="207" hits="0" branch="False" />
                <line number="208" hits="0" branch="False" />
                <line number="209" hits="0" branch="False" />
                <line number="210" hits="0" branch="False" />
                <line number="211" hits="0" branch="False" />
                <line number="212" hits="0" branch="False" />
                <line number="213" hits="0" branch="False" />
                <line number="214" hits="0" branch="False" />
              </lines>
            </method>
          </methods>
          <lines>
            <line number="200" hits="0" branch="False" />
            <line number="201" hits="0" branch="False" />
            <line number="202" hits="0" branch="False" />
            <line number="203" hits="0" branch="False" />
            <line number="204" hits="0" branch="True" condition-coverage="0% (0/2)">
              <conditions>
                <condition number="310" type="jump" coverage="0%" />
              </conditions>
            </line>
            <line number="205" hits="0" branch="False" />
            <line number="206" hits="0" branch="False" />
            <line number="207" hits="0" branch="False" />
            <line number="208" hits="0" branch="False" />
            <line number="209" hits="0" branch="False" />
            <line number="210" hits="0" branch="False" />
            <line number="211" hits="0" branch="False" />
            <line number="212" hits="0" branch="False" />
            <line number="213" hits="0" branch="False" />
            <line number="214" hits="0" branch="False" />
          </lines>
        </class>
        <class name="Program/&lt;&lt;&lt;Main&gt;$&gt;g__SeedRolesAsync|0_7&gt;d" filename="Program.cs" line-rate="0" branch-rate="0" complexity="4">
          <methods>
            <method name="MoveNext" signature="()" line-rate="0" branch-rate="0" complexity="4">
              <lines>
                <line number="184" hits="0" branch="False" />
                <line number="185" hits="0" branch="False" />
                <line number="186" hits="0" branch="False" />
                <line number="188" hits="0" branch="False" />
                <line number="189" hits="0" branch="True" condition-coverage="0% (0/2)">
                  <conditions>
                    <condition number="433" type="jump" coverage="0%" />
                  </conditions>
                </line>
                <line number="190" hits="0" branch="False" />
                <line number="191" hits="0" branch="True" condition-coverage="0% (0/2)">
                  <conditions>
                    <condition number="278" type="jump" coverage="0%" />
                  </conditions>
                </line>
                <line number="192" hits="0" branch="False" />
                <line number="193" hits="0" branch="False" />
                <line number="194" hits="0" branch="False" />
                <line number="195" hits="0" branch="False" />
                <line number="196" hits="0" branch="False" />
              </lines>
            </method>
          </methods>
          <lines>
            <line number="184" hits="0" branch="False" />
            <line number="185" hits="0" branch="False" />
            <line number="186" hits="0" branch="False" />
            <line number="188" hits="0" branch="False" />
            <line number="189" hits="0" branch="True" condition-coverage="0% (0/2)">
              <conditions>
                <condition number="433" type="jump" coverage="0%" />
              </conditions>
            </line>
            <line number="190" hits="0" branch="False" />
            <line number="191" hits="0" branch="True" condition-coverage="0% (0/2)">
              <conditions>
                <condition number="278" type="jump" coverage="0%" />
              </conditions>
            </line>
            <line number="192" hits="0" branch="False" />
            <line number="193" hits="0" branch="False" />
            <line number="194" hits="0" branch="False" />
            <line number="195" hits="0" branch="False" />
            <line number="196" hits="0" branch="False" />
          </lines>
        </class>
        <class name="Program/&lt;&lt;Main&gt;$&gt;d__0" filename="Program.cs" line-rate="0" branch-rate="0" complexity="16">
          <methods>
            <method name="MoveNext" signature="()" line-rate="0" branch-rate="0" complexity="16">
              <lines>
                <line number="16" hits="0" branch="False" />
                <line number="17" hits="0" branch="False" />
                <line number="21" hits="0" branch="False" />
                <line number="23" hits="0" branch="False" />
                <line number="24" hits="0" branch="False" />
                <line number="25" hits="0" branch="False" />
                <line number="26" hits="0" branch="False" />
                <line number="27" hits="0" branch="False" />
                <line number="28" hits="0" branch="False" />
                <line number="29" hits="0" branch="False" />
                <line number="30" hits="0" branch="False" />
                <line number="31" hits="0" branch="False" />
                <line number="32" hits="0" branch="False" />
                <line number="33" hits="0" branch="False" />
                <line number="34" hits="0" branch="False" />
                <line number="35" hits="0" branch="False" />
                <line number="36" hits="0" branch="False" />
                <line number="37" hits="0" branch="False" />
                <line number="38" hits="0" branch="False" />
                <line number="39" hits="0" branch="False" />
                <line number="40" hits="0" branch="False" />
                <line number="41" hits="0" branch="False" />
                <line number="42" hits="0" branch="False" />
                <line number="43" hits="0" branch="False" />
                <line number="44" hits="0" branch="False" />
                <line number="45" hits="0" branch="False" />
                <line number="46" hits="0" branch="False" />
                <line number="47" hits="0" branch="False" />
                <line number="48" hits="0" branch="False" />
                <line number="49" hits="0" branch="False" />
                <line number="50" hits="0" branch="False" />
                <line number="51" hits="0" branch="False" />
                <line number="52" hits="0" branch="False" />
                <line number="53" hits="0" branch="False" />
                <line number="54" hits="0" branch="False" />
                <line number="56" hits="0" branch="False" />
                <line number="57" hits="0" branch="False" />
                <line number="60" hits="0" branch="False" />
                <line number="61" hits="0" branch="False" />
                <line number="62" hits="0" branch="False" />
                <line number="63" hits="0" branch="False" />
                <line number="66" hits="0" branch="False" />
                <line number="67" hits="0" branch="False" />
                <line number="68" hits="0" branch="False" />
                <line number="69" hits="0" branch="False" />
                <line number="70" hits="0" branch="False" />
                <line number="71" hits="0" branch="False" />
                <line number="72" hits="0" branch="False" />
                <line number="73" hits="0" branch="False" />
                <line number="74" hits="0" branch="False" />
                <line number="77" hits="0" branch="False" />
                <line number="78" hits="0" branch="False" />
                <line number="79" hits="0" branch="False" />
                <line number="80" hits="0" branch="False" />
                <line number="81" hits="0" branch="False" />
                <line number="82" hits="0" branch="False" />
                <line number="83" hits="0" branch="False" />
                <line number="84" hits="0" branch="False" />
                <line number="85" hits="0" branch="False" />
                <line number="86" hits="0" branch="False" />
                <line number="87" hits="0" branch="False" />
                <line number="88" hits="0" branch="False" />
                <line number="89" hits="0" branch="False" />
                <line number="90" hits="0" branch="False" />
                <line number="91" hits="0" branch="False" />
                <line number="92" hits="0" branch="False" />
                <line number="93" hits="0" branch="False" />
                <line number="94" hits="0" branch="False" />
                <line number="95" hits="0" branch="False" />
                <line number="98" hits="0" branch="False" />
                <line number="99" hits="0" branch="False" />
                <line number="100" hits="0" branch="False" />
                <line number="101" hits="0" branch="False" />
                <line number="103" hits="0" branch="False" />
                <line number="104" hits="0" branch="False" />
                <line number="105" hits="0" branch="False" />
                <line number="106" hits="0" branch="False" />
                <line number="107" hits="0" branch="False" />
                <line number="108" hits="0" branch="False" />
                <line number="109" hits="0" branch="False" />
                <line number="112" hits="0" branch="False" />
                <line number="113" hits="0" branch="False" />
                <line number="114" hits="0" branch="False" />
                <line number="115" hits="0" branch="False" />
                <line number="116" hits="0" branch="False" />
                <line number="117" hits="0" branch="False" />
                <line number="118" hits="0" branch="False" />
                <line number="120" hits="0" branch="False" />
                <line number="121" hits="0" branch="False" />
                <line number="123" hits="0" branch="False" />
                <line number="126" hits="0" branch="True" condition-coverage="0% (0/2)">
                  <conditions>
                    <condition number="880" type="jump" coverage="0%" />
                  </conditions>
                </line>
                <line number="127" hits="0" branch="False" />
                <line number="128" hits="0" branch="False" />
                <line number="129" hits="0" branch="False" />
                <line number="130" hits="0" branch="False" />
                <line number="132" hits="0" branch="False" />
                <line number="134" hits="0" branch="False" />
                <line number="135" hits="0" branch="False" />
                <line number="136" hits="0" branch="False" />
                <line number="137" hits="0" branch="False" />
                <line number="138" hits="0" branch="False" />
                <line number="139" hits="0" branch="False" />
                <line number="140" hits="0" branch="False" />
                <line number="141" hits="0" branch="False" />
                <line number="142" hits="0" branch="True" condition-coverage="0% (0/2)">
                  <conditions>
                    <condition number="7" type="jump" coverage="0%" />
                  </conditions>
                </line>
                <line number="143" hits="0" branch="False" />
                <line number="144" hits="0" branch="False" />
                <line number="145" hits="0" branch="False" />
                <line number="146" hits="0" branch="False" />
                <line number="147" hits="0" branch="True" condition-coverage="0% (0/2)">
                  <conditions>
                    <condition number="38" type="jump" coverage="0%" />
                  </conditions>
                </line>
                <line number="148" hits="0" branch="False" />
                <line number="149" hits="0" branch="False" />
                <line number="150" hits="0" branch="True" condition-coverage="0% (0/2)">
                  <conditions>
                    <condition number="59" type="jump" coverage="0%" />
                  </conditions>
                </line>
                <line number="151" hits="0" branch="False" />
                <line number="152" hits="0" branch="False" />
                <line number="153" hits="0" branch="False" />
                <line number="154" hits="0" branch="False" />
                <line number="155" hits="0" branch="False" />
                <line number="156" hits="0" branch="False" />
                <line number="157" hits="0" branch="False" />
                <line number="158" hits="0" branch="False" />
                <line number="159" hits="0" branch="True" condition-coverage="0% (0/8)">
                  <conditions>
                    <condition number="18" type="jump" coverage="0%" />
                    <condition number="30" type="jump" coverage="0%" />
                    <condition number="45" type="jump" coverage="0%" />
                    <condition number="57" type="jump" coverage="0%" />
                  </conditions>
                </line>
                <line number="160" hits="0" branch="False" />
                <line number="161" hits="0" branch="False" />
                <line number="162" hits="0" branch="False" />
                <line number="163" hits="0" branch="False" />
                <line number="164" hits="0" branch="False" />
                <line number="165" hits="0" branch="False" />
                <line number="166" hits="0" branch="False" />
                <line number="168" hits="0" branch="False" />
                <line number="169" hits="0" branch="False" />
                <line number="171" hits="0" branch="False" />
                <line number="174" hits="0" branch="False" />
                <line number="177" hits="0" branch="False" />
                <line number="179" hits="0" branch="False" />
              </lines>
            </method>
          </methods>
          <lines>
            <line number="16" hits="0" branch="False" />
            <line number="17" hits="0" branch="False" />
            <line number="21" hits="0" branch="False" />
            <line number="23" hits="0" branch="False" />
            <line number="24" hits="0" branch="False" />
            <line number="25" hits="0" branch="False" />
            <line number="26" hits="0" branch="False" />
            <line number="27" hits="0" branch="False" />
            <line number="28" hits="0" branch="False" />
            <line number="29" hits="0" branch="False" />
            <line number="30" hits="0" branch="False" />
            <line number="31" hits="0" branch="False" />
            <line number="32" hits="0" branch="False" />
            <line number="33" hits="0" branch="False" />
            <line number="34" hits="0" branch="False" />
            <line number="35" hits="0" branch="False" />
            <line number="36" hits="0" branch="False" />
            <line number="37" hits="0" branch="False" />
            <line number="38" hits="0" branch="False" />
            <line number="39" hits="0" branch="False" />
            <line number="40" hits="0" branch="False" />
            <line number="41" hits="0" branch="False" />
            <line number="42" hits="0" branch="False" />
            <line number="43" hits="0" branch="False" />
            <line number="44" hits="0" branch="False" />
            <line number="45" hits="0" branch="False" />
            <line number="46" hits="0" branch="False" />
            <line number="47" hits="0" branch="False" />
            <line number="48" hits="0" branch="False" />
            <line number="49" hits="0" branch="False" />
            <line number="50" hits="0" branch="False" />
            <line number="51" hits="0" branch="False" />
            <line number="52" hits="0" branch="False" />
            <line number="53" hits="0" branch="False" />
            <line number="54" hits="0" branch="False" />
            <line number="56" hits="0" branch="False" />
            <line number="57" hits="0" branch="False" />
            <line number="60" hits="0" branch="False" />
            <line number="61" hits="0" branch="False" />
            <line number="62" hits="0" branch="False" />
            <line number="63" hits="0" branch="False" />
            <line number="66" hits="0" branch="False" />
            <line number="67" hits="0" branch="False" />
            <line number="68" hits="0" branch="False" />
            <line number="69" hits="0" branch="False" />
            <line number="70" hits="0" branch="False" />
            <line number="71" hits="0" branch="False" />
            <line number="72" hits="0" branch="False" />
            <line number="73" hits="0" branch="False" />
            <line number="74" hits="0" branch="False" />
            <line number="77" hits="0" branch="False" />
            <line number="78" hits="0" branch="False" />
            <line number="79" hits="0" branch="False" />
            <line number="80" hits="0" branch="False" />
            <line number="81" hits="0" branch="False" />
            <line number="82" hits="0" branch="False" />
            <line number="83" hits="0" branch="False" />
            <line number="84" hits="0" branch="False" />
            <line number="85" hits="0" branch="False" />
            <line number="86" hits="0" branch="False" />
            <line number="87" hits="0" branch="False" />
            <line number="88" hits="0" branch="False" />
            <line number="89" hits="0" branch="False" />
            <line number="90" hits="0" branch="False" />
            <line number="91" hits="0" branch="False" />
            <line number="92" hits="0" branch="False" />
            <line number="93" hits="0" branch="False" />
            <line number="94" hits="0" branch="False" />
            <line number="95" hits="0" branch="False" />
            <line number="98" hits="0" branch="False" />
            <line number="99" hits="0" branch="False" />
            <line number="100" hits="0" branch="False" />
            <line number="101" hits="0" branch="False" />
            <line number="103" hits="0" branch="False" />
            <line number="104" hits="0" branch="False" />
            <line number="105" hits="0" branch="False" />
            <line number="106" hits="0" branch="False" />
            <line number="107" hits="0" branch="False" />
            <line number="108" hits="0" branch="False" />
            <line number="109" hits="0" branch="False" />
            <line number="112" hits="0" branch="False" />
            <line number="113" hits="0" branch="False" />
            <line number="114" hits="0" branch="False" />
            <line number="115" hits="0" branch="False" />
            <line number="116" hits="0" branch="False" />
            <line number="117" hits="0" branch="False" />
            <line number="118" hits="0" branch="False" />
            <line number="120" hits="0" branch="False" />
            <line number="121" hits="0" branch="False" />
            <line number="123" hits="0" branch="False" />
            <line number="126" hits="0" branch="True" condition-coverage="0% (0/2)">
              <conditions>
                <condition number="880" type="jump" coverage="0%" />
              </conditions>
            </line>
            <line number="127" hits="0" branch="False" />
            <line number="128" hits="0" branch="False" />
            <line number="129" hits="0" branch="False" />
            <line number="130" hits="0" branch="False" />
            <line number="132" hits="0" branch="False" />
            <line number="134" hits="0" branch="False" />
            <line number="135" hits="0" branch="False" />
            <line number="136" hits="0" branch="False" />
            <line number="137" hits="0" branch="False" />
            <line number="138" hits="0" branch="False" />
            <line number="139" hits="0" branch="False" />
            <line number="140" hits="0" branch="False" />
            <line number="141" hits="0" branch="False" />
            <line number="142" hits="0" branch="True" condition-coverage="0% (0/2)">
              <conditions>
                <condition number="7" type="jump" coverage="0%" />
              </conditions>
            </line>
            <line number="143" hits="0" branch="False" />
            <line number="144" hits="0" branch="False" />
            <line number="145" hits="0" branch="False" />
            <line number="146" hits="0" branch="False" />
            <line number="147" hits="0" branch="True" condition-coverage="0% (0/2)">
              <conditions>
                <condition number="38" type="jump" coverage="0%" />
              </conditions>
            </line>
            <line number="148" hits="0" branch="False" />
            <line number="149" hits="0" branch="False" />
            <line number="150" hits="0" branch="True" condition-coverage="0% (0/2)">
              <conditions>
                <condition number="59" type="jump" coverage="0%" />
              </conditions>
            </line>
            <line number="151" hits="0" branch="False" />
            <line number="152" hits="0" branch="False" />
            <line number="153" hits="0" branch="False" />
            <line number="154" hits="0" branch="False" />
            <line number="155" hits="0" branch="False" />
            <line number="156" hits="0" branch="False" />
            <line number="157" hits="0" branch="False" />
            <line number="158" hits="0" branch="False" />
            <line number="159" hits="0" branch="True" condition-coverage="0% (0/8)">
              <conditions>
                <condition number="18" type="jump" coverage="0%" />
                <condition number="30" type="jump" coverage="0%" />
                <condition number="45" type="jump" coverage="0%" />
                <condition number="57" type="jump" coverage="0%" />
              </conditions>
            </line>
            <line number="160" hits="0" branch="False" />
            <line number="161" hits="0" branch="False" />
            <line number="162" hits="0" branch="False" />
            <line number="163" hits="0" branch="False" />
            <line number="164" hits="0" branch="False" />
            <line number="165" hits="0" branch="False" />
            <line number="166" hits="0" branch="False" />
            <line number="168" hits="0" branch="False" />
            <line number="169" hits="0" branch="False" />
            <line number="171" hits="0" branch="False" />
            <line number="174" hits="0" branch="False" />
            <line number="177" hits="0" branch="False" />
            <line number="179" hits="0" branch="False" />
          </lines>
        </class>
        <class name="FindexiumAPI.Services.AuthService" filename="Services\AuthService.cs" line-rate="1" branch-rate="1" complexity="2">
          <methods>
            <method name="GenerateJwtToken" signature="(System.Collections.Generic.List`1&lt;System.Security.Claims.Claim&gt;)" line-rate="1" branch-rate="1" complexity="1">
              <lines>
                <line number="106" hits="17" branch="False" />
                <line number="107" hits="17" branch="False" />
                <line number="108" hits="17" branch="False" />
                <line number="109" hits="17" branch="False" />
                <line number="110" hits="17" branch="False" />
                <line number="111" hits="17" branch="False" />
                <line number="112" hits="17" branch="False" />
                <line number="113" hits="17" branch="False" />
                <line number="114" hits="17" branch="False" />
                <line number="115" hits="17" branch="False" />
                <line number="116" hits="17" branch="False" />
                <line number="118" hits="17" branch="False" />
                <line number="119" hits="17" branch="False" />
                <line number="120" hits="17" branch="False" />
                <line number="121" hits="17" branch="False" />
              </lines>
            </method>
            <method name=".ctor" signature="(Microsoft.AspNetCore.Identity.UserManager`1&lt;FindexiumAPI.Domain.User&gt;,Microsoft.Extensions.Options.IOptions`1&lt;FindexiumAPI.Common.JwtSettings&gt;)" line-rate="1" branch-rate="1" complexity="1">
              <lines>
                <line number="20" hits="18" branch="False" />
                <line number="21" hits="18" branch="False" />
                <line number="22" hits="18" branch="False" />
                <line number="23" hits="18" branch="False" />
                <line number="24" hits="18" branch="False" />
              </lines>
            </method>
          </methods>
          <lines>
            <line number="106" hits="17" branch="False" />
            <line number="107" hits="17" branch="False" />
            <line number="108" hits="17" branch="False" />
            <line number="109" hits="17" branch="False" />
            <line number="110" hits="17" branch="False" />
            <line number="111" hits="17" branch="False" />
            <line number="112" hits="17" branch="False" />
            <line number="113" hits="17" branch="False" />
            <line number="114" hits="17" branch="False" />
            <line number="115" hits="17" branch="False" />
            <line number="116" hits="17" branch="False" />
            <line number="118" hits="17" branch="False" />
            <line number="119" hits="17" branch="False" />
            <line number="120" hits="17" branch="False" />
            <line number="121" hits="17" branch="False" />
            <line number="20" hits="18" branch="False" />
            <line number="21" hits="18" branch="False" />
            <line number="22" hits="18" branch="False" />
            <line number="23" hits="18" branch="False" />
            <line number="24" hits="18" branch="False" />
          </lines>
        </class>
        <class name="FindexiumAPI.Services.AuthService/&lt;Authenticate&gt;d__3" filename="Services\AuthService.cs" line-rate="0.9375" branch-rate="0.75" complexity="4">
          <methods>
            <method name="MoveNext" signature="()" line-rate="0.9375" branch-rate="0.75" complexity="4">
              <lines>
                <line number="27" hits="5" branch="False" />
                <line number="28" hits="5" branch="False" />
                <line number="29" hits="5" branch="True" condition-coverage="100% (2/2)">
                  <conditions>
                    <condition number="180" type="jump" coverage="100%" />
                  </conditions>
                </line>
                <line number="30" hits="3" branch="False" />
                <line number="32" hits="2" branch="False" />
                <line number="33" hits="2" branch="True" condition-coverage="50% (1/2)">
                  <conditions>
                    <condition number="359" type="jump" coverage="50%" />
                  </conditions>
                </line>
                <line number="34" hits="0" branch="False" />
                <line number="36" hits="2" branch="False" />
                <line number="37" hits="2" branch="False" />
                <line number="38" hits="2" branch="False" />
                <line number="39" hits="2" branch="False" />
                <line number="40" hits="2" branch="False" />
                <line number="41" hits="2" branch="False" />
                <line number="43" hits="2" branch="False" />
                <line number="44" hits="2" branch="False" />
                <line number="45" hits="5" branch="False" />
              </lines>
            </method>
          </methods>
          <lines>
            <line number="27" hits="5" branch="False" />
            <line number="28" hits="5" branch="False" />
            <line number="29" hits="5" branch="True" condition-coverage="100% (2/2)">
              <conditions>
                <condition number="180" type="jump" coverage="100%" />
              </conditions>
            </line>
            <line number="30" hits="3" branch="False" />
            <line number="32" hits="2" branch="False" />
            <line number="33" hits="2" branch="True" condition-coverage="50% (1/2)">
              <conditions>
                <condition number="359" type="jump" coverage="50%" />
              </conditions>
            </line>
            <line number="34" hits="0" branch="False" />
            <line number="36" hits="2" branch="False" />
            <line number="37" hits="2" branch="False" />
            <line number="38" hits="2" branch="False" />
            <line number="39" hits="2" branch="False" />
            <line number="40" hits="2" branch="False" />
            <line number="41" hits="2" branch="False" />
            <line number="43" hits="2" branch="False" />
            <line number="44" hits="2" branch="False" />
            <line number="45" hits="5" branch="False" />
          </lines>
        </class>
        <class name="FindexiumAPI.Services.AuthService/&lt;ChangePassword&gt;d__5" filename="Services\AuthService.cs" line-rate="0.9523" branch-rate="0.875" complexity="8">
          <methods>
            <method name="MoveNext" signature="()" line-rate="0.9523" branch-rate="0.875" complexity="8">
              <lines>
                <line number="78" hits="6" branch="False" />
                <line number="79" hits="6" branch="False" />
                <line number="80" hits="6" branch="True" condition-coverage="100% (2/2)">
                  <conditions>
                    <condition number="194" type="jump" coverage="100%" />
                  </conditions>
                </line>
                <line number="81" hits="1" branch="False" />
                <line number="83" hits="5" branch="False" />
                <line number="84" hits="5" branch="True" condition-coverage="100% (2/2)">
                  <conditions>
                    <condition number="373" type="jump" coverage="100%" />
                  </conditions>
                </line>
                <line number="85" hits="2" branch="False" />
                <line number="87" hits="3" branch="True" condition-coverage="100% (2/2)">
                  <conditions>
                    <condition number="427" type="jump" coverage="100%" />
                  </conditions>
                </line>
                <line number="88" hits="1" branch="False" />
                <line number="90" hits="2" branch="False" />
                <line number="91" hits="2" branch="True" condition-coverage="50% (1/2)">
                  <conditions>
                    <condition number="629" type="jump" coverage="50%" />
                  </conditions>
                </line>
                <line number="92" hits="0" branch="False" />
                <line number="94" hits="2" branch="False" />
                <line number="95" hits="2" branch="False" />
                <line number="96" hits="2" branch="False" />
                <line number="97" hits="2" branch="False" />
                <line number="98" hits="2" branch="False" />
                <line number="99" hits="2" branch="False" />
                <line number="101" hits="2" branch="False" />
                <line number="102" hits="2" branch="False" />
                <line number="103" hits="6" branch="False" />
              </lines>
            </method>
          </methods>
          <lines>
            <line number="78" hits="6" branch="False" />
            <line number="79" hits="6" branch="False" />
            <line number="80" hits="6" branch="True" condition-coverage="100% (2/2)">
              <conditions>
                <condition number="194" type="jump" coverage="100%" />
              </conditions>
            </line>
            <line number="81" hits="1" branch="False" />
            <line number="83" hits="5" branch="False" />
            <line number="84" hits="5" branch="True" condition-coverage="100% (2/2)">
              <conditions>
                <condition number="373" type="jump" coverage="100%" />
              </conditions>
            </line>
            <line number="85" hits="2" branch="False" />
            <line number="87" hits="3" branch="True" condition-coverage="100% (2/2)">
              <conditions>
                <condition number="427" type="jump" coverage="100%" />
              </conditions>
            </line>
            <line number="88" hits="1" branch="False" />
            <line number="90" hits="2" branch="False" />
            <line number="91" hits="2" branch="True" condition-coverage="50% (1/2)">
              <conditions>
                <condition number="629" type="jump" coverage="50%" />
              </conditions>
            </line>
            <line number="92" hits="0" branch="False" />
            <line number="94" hits="2" branch="False" />
            <line number="95" hits="2" branch="False" />
            <line number="96" hits="2" branch="False" />
            <line number="97" hits="2" branch="False" />
            <line number="98" hits="2" branch="False" />
            <line number="99" hits="2" branch="False" />
            <line number="101" hits="2" branch="False" />
            <line number="102" hits="2" branch="False" />
            <line number="103" hits="6" branch="False" />
          </lines>
        </class>
        <class name="FindexiumAPI.Services.AuthService/&lt;Register&gt;d__4" filename="Services\AuthService.cs" line-rate="1" branch-rate="1" complexity="4">
          <methods>
            <method name="MoveNext" signature="()" line-rate="1" branch-rate="1" complexity="4">
              <lines>
                <line number="48" hits="17" branch="False" />
                <line number="49" hits="17" branch="False" />
                <line number="50" hits="17" branch="True" condition-coverage="100% (2/2)">
                  <conditions>
                    <condition number="194" type="jump" coverage="100%" />
                  </conditions>
                </line>
                <line number="51" hits="2" branch="False" />
                <line number="53" hits="15" branch="True" condition-coverage="100% (2/2)">
                  <conditions>
                    <condition number="248" type="jump" coverage="100%" />
                  </conditions>
                </line>
                <line number="54" hits="2" branch="False" />
                <line number="56" hits="13" branch="False" />
                <line number="57" hits="13" branch="False" />
                <line number="58" hits="13" branch="False" />
                <line number="59" hits="13" branch="False" />
                <line number="60" hits="13" branch="False" />
                <line number="61" hits="13" branch="False" />
                <line number="63" hits="13" branch="False" />
                <line number="64" hits="13" branch="False" />
                <line number="66" hits="13" branch="False" />
                <line number="67" hits="13" branch="False" />
                <line number="68" hits="13" branch="False" />
                <line number="69" hits="13" branch="False" />
                <line number="70" hits="13" branch="False" />
                <line number="71" hits="13" branch="False" />
                <line number="73" hits="13" branch="False" />
                <line number="74" hits="13" branch="False" />
                <line number="75" hits="17" branch="False" />
              </lines>
            </method>
          </methods>
          <lines>
            <line number="48" hits="17" branch="False" />
            <line number="49" hits="17" branch="False" />
            <line number="50" hits="17" branch="True" condition-coverage="100% (2/2)">
              <conditions>
                <condition number="194" type="jump" coverage="100%" />
              </conditions>
            </line>
            <line number="51" hits="2" branch="False" />
            <line number="53" hits="15" branch="True" condition-coverage="100% (2/2)">
              <conditions>
                <condition number="248" type="jump" coverage="100%" />
              </conditions>
            </line>
            <line number="54" hits="2" branch="False" />
            <line number="56" hits="13" branch="False" />
            <line number="57" hits="13" branch="False" />
            <line number="58" hits="13" branch="False" />
            <line number="59" hits="13" branch="False" />
            <line number="60" hits="13" branch="False" />
            <line number="61" hits="13" branch="False" />
            <line number="63" hits="13" branch="False" />
            <line number="64" hits="13" branch="False" />
            <line number="66" hits="13" branch="False" />
            <line number="67" hits="13" branch="False" />
            <line number="68" hits="13" branch="False" />
            <line number="69" hits="13" branch="False" />
            <line number="70" hits="13" branch="False" />
            <line number="71" hits="13" branch="False" />
            <line number="73" hits="13" branch="False" />
            <line number="74" hits="13" branch="False" />
            <line number="75" hits="17" branch="False" />
          </lines>
        </class>
        <class name="FindexiumAPI.Repositories.BidListRepository" filename="Repositories\BidListRepository.cs" line-rate="1" branch-rate="1" complexity="1">
          <methods>
            <method name=".ctor" signature="(FindexiumAPI.Data.LocalDbContext)" line-rate="1" branch-rate="1" complexity="1">
              <lines>
                <line number="11" hits="17" branch="False" />
                <line number="12" hits="17" branch="False" />
                <line number="13" hits="17" branch="False" />
                <line number="14" hits="17" branch="False" />
              </lines>
            </method>
          </methods>
          <lines>
            <line number="11" hits="17" branch="False" />
            <line number="12" hits="17" branch="False" />
            <line number="13" hits="17" branch="False" />
            <line number="14" hits="17" branch="False" />
          </lines>
        </class>
        <class name="FindexiumAPI.Repositories.BidListRepository/&lt;AddAsync&gt;d__4" filename="Repositories\BidListRepository.cs" line-rate="1" branch-rate="1" complexity="1">
          <methods>
            <method name="MoveNext" signature="()" line-rate="1" branch-rate="1" complexity="1">
              <lines>
                <line number="45" hits="2" branch="False" />
                <line number="46" hits="2" branch="False" />
                <line number="47" hits="2" branch="False" />
                <line number="48" hits="2" branch="False" />
                <line number="49" hits="2" branch="False" />
                <line number="50" hits="2" branch="False" />
                <line number="51" hits="2" branch="False" />
                <line number="52" hits="2" branch="False" />
                <line number="53" hits="2" branch="False" />
                <line number="55" hits="2" branch="False" />
                <line number="57" hits="2" branch="False" />
                <line number="58" hits="2" branch="False" />
              </lines>
            </method>
          </methods>
          <lines>
            <line number="45" hits="2" branch="False" />
            <line number="46" hits="2" branch="False" />
            <line number="47" hits="2" branch="False" />
            <line number="48" hits="2" branch="False" />
            <line number="49" hits="2" branch="False" />
            <line number="50" hits="2" branch="False" />
            <line number="51" hits="2" branch="False" />
            <line number="52" hits="2" branch="False" />
            <line number="53" hits="2" branch="False" />
            <line number="55" hits="2" branch="False" />
            <line number="57" hits="2" branch="False" />
            <line number="58" hits="2" branch="False" />
          </lines>
        </class>
        <class name="FindexiumAPI.Repositories.BidListRepository/&lt;DeleteAsync&gt;d__6" filename="Repositories\BidListRepository.cs" line-rate="1" branch-rate="1" complexity="2">
          <methods>
            <method name="MoveNext" signature="()" line-rate="1" branch-rate="1" complexity="2">
              <lines>
                <line number="75" hits="3" branch="False" />
                <line number="76" hits="3" branch="False" />
                <line number="77" hits="3" branch="True" condition-coverage="100% (2/2)">
                  <conditions>
                    <condition number="198" type="jump" coverage="100%" />
                  </conditions>
                </line>
                <line number="78" hits="1" branch="False" />
                <line number="80" hits="2" branch="False" />
                <line number="81" hits="2" branch="False" />
                <line number="83" hits="2" branch="False" />
                <line number="84" hits="3" branch="False" />
              </lines>
            </method>
          </methods>
          <lines>
            <line number="75" hits="3" branch="False" />
            <line number="76" hits="3" branch="False" />
            <line number="77" hits="3" branch="True" condition-coverage="100% (2/2)">
              <conditions>
                <condition number="198" type="jump" coverage="100%" />
              </conditions>
            </line>
            <line number="78" hits="1" branch="False" />
            <line number="80" hits="2" branch="False" />
            <line number="81" hits="2" branch="False" />
            <line number="83" hits="2" branch="False" />
            <line number="84" hits="3" branch="False" />
          </lines>
        </class>
        <class name="FindexiumAPI.Repositories.BidListRepository/&lt;GetAllAsync&gt;d__2" filename="Repositories\BidListRepository.cs" line-rate="1" branch-rate="1" complexity="1">
          <methods>
            <method name="MoveNext" signature="()" line-rate="1" branch-rate="1" complexity="1">
              <lines>
                <line number="17" hits="3" branch="False" />
                <line number="18" hits="3" branch="False" />
                <line number="19" hits="3" branch="False" />
                <line number="20" hits="3" branch="False" />
                <line number="21" hits="3" branch="False" />
                <line number="22" hits="3" branch="False" />
                <line number="23" hits="3" branch="False" />
                <line number="24" hits="3" branch="False" />
                <line number="25" hits="3" branch="False" />
                <line number="26" hits="3" branch="False" />
                <line number="27" hits="3" branch="False" />
              </lines>
            </method>
          </methods>
          <lines>
            <line number="17" hits="3" branch="False" />
            <line number="18" hits="3" branch="False" />
            <line number="19" hits="3" branch="False" />
            <line number="20" hits="3" branch="False" />
            <line number="21" hits="3" branch="False" />
            <line number="22" hits="3" branch="False" />
            <line number="23" hits="3" branch="False" />
            <line number="24" hits="3" branch="False" />
            <line number="25" hits="3" branch="False" />
            <line number="26" hits="3" branch="False" />
            <line number="27" hits="3" branch="False" />
          </lines>
        </class>
        <class name="FindexiumAPI.Repositories.BidListRepository/&lt;GetByIdAsync&gt;d__3" filename="Repositories\BidListRepository.cs" line-rate="1" branch-rate="1" complexity="2">
          <methods>
            <method name="MoveNext" signature="()" line-rate="1" branch-rate="1" complexity="2">
              <lines>
                <line number="30" hits="4" branch="False" />
                <line number="31" hits="4" branch="False" />
                <line number="32" hits="4" branch="True" condition-coverage="100% (2/2)">
                  <conditions>
                    <condition number="187" type="jump" coverage="100%" />
                  </conditions>
                </line>
                <line number="33" hits="1" branch="False" />
                <line number="35" hits="3" branch="False" />
                <line number="36" hits="3" branch="False" />
                <line number="37" hits="3" branch="False" />
                <line number="38" hits="3" branch="False" />
                <line number="39" hits="3" branch="False" />
                <line number="40" hits="3" branch="False" />
                <line number="41" hits="3" branch="False" />
                <line number="42" hits="4" branch="False" />
              </lines>
            </method>
          </methods>
          <lines>
            <line number="30" hits="4" branch="False" />
            <line number="31" hits="4" branch="False" />
            <line number="32" hits="4" branch="True" condition-coverage="100% (2/2)">
              <conditions>
                <condition number="187" type="jump" coverage="100%" />
              </conditions>
            </line>
            <line number="33" hits="1" branch="False" />
            <line number="35" hits="3" branch="False" />
            <line number="36" hits="3" branch="False" />
            <line number="37" hits="3" branch="False" />
            <line number="38" hits="3" branch="False" />
            <line number="39" hits="3" branch="False" />
            <line number="40" hits="3" branch="False" />
            <line number="41" hits="3" branch="False" />
            <line number="42" hits="4" branch="False" />
          </lines>
        </class>
        <class name="FindexiumAPI.Repositories.BidListRepository/&lt;UpdateAsync&gt;d__5" filename="Repositories\BidListRepository.cs" line-rate="1" branch-rate="1" complexity="2">
          <methods>
            <method name="MoveNext" signature="()" line-rate="1" branch-rate="1" complexity="2">
              <lines>
                <line number="61" hits="3" branch="False" />
                <line number="62" hits="3" branch="False" />
                <line number="63" hits="3" branch="True" condition-coverage="100% (2/2)">
                  <conditions>
                    <condition number="198" type="jump" coverage="100%" />
                  </conditions>
                </line>
                <line number="64" hits="1" branch="False" />
                <line number="66" hits="2" branch="False" />
                <line number="67" hits="2" branch="False" />
                <line number="68" hits="2" branch="False" />
                <line number="70" hits="2" branch="False" />
                <line number="71" hits="2" branch="False" />
                <line number="72" hits="3" branch="False" />
              </lines>
            </method>
          </methods>
          <lines>
            <line number="61" hits="3" branch="False" />
            <line number="62" hits="3" branch="False" />
            <line number="63" hits="3" branch="True" condition-coverage="100% (2/2)">
              <conditions>
                <condition number="198" type="jump" coverage="100%" />
              </conditions>
            </line>
            <line number="64" hits="1" branch="False" />
            <line number="66" hits="2" branch="False" />
            <line number="67" hits="2" branch="False" />
            <line number="68" hits="2" branch="False" />
            <line number="70" hits="2" branch="False" />
            <line number="71" hits="2" branch="False" />
            <line number="72" hits="3" branch="False" />
          </lines>
        </class>
        <class name="FindexiumAPI.Repositories.CurvePointRepository" filename="Repositories\CurvePointRepository.cs" line-rate="1" branch-rate="1" complexity="1">
          <methods>
            <method name=".ctor" signature="(FindexiumAPI.Data.LocalDbContext)" line-rate="1" branch-rate="1" complexity="1">
              <lines>
                <line number="11" hits="17" branch="False" />
                <line number="12" hits="17" branch="False" />
                <line number="13" hits="17" branch="False" />
                <line number="14" hits="17" branch="False" />
              </lines>
            </method>
          </methods>
          <lines>
            <line number="11" hits="17" branch="False" />
            <line number="12" hits="17" branch="False" />
            <line number="13" hits="17" branch="False" />
            <line number="14" hits="17" branch="False" />
          </lines>
        </class>
        <class name="FindexiumAPI.Repositories.CurvePointRepository/&lt;AddAsync&gt;d__4" filename="Repositories\CurvePointRepository.cs" line-rate="1" branch-rate="1" complexity="1">
          <methods>
            <method name="MoveNext" signature="()" line-rate="1" branch-rate="1" complexity="1">
              <lines>
                <line number="45" hits="2" branch="False" />
                <line number="46" hits="2" branch="False" />
                <line number="47" hits="2" branch="False" />
                <line number="48" hits="2" branch="False" />
                <line number="49" hits="2" branch="False" />
                <line number="50" hits="2" branch="False" />
                <line number="51" hits="2" branch="False" />
                <line number="53" hits="2" branch="False" />
                <line number="54" hits="2" branch="False" />
                <line number="56" hits="2" branch="False" />
                <line number="58" hits="2" branch="False" />
                <line number="59" hits="2" branch="False" />
              </lines>
            </method>
          </methods>
          <lines>
            <line number="45" hits="2" branch="False" />
            <line number="46" hits="2" branch="False" />
            <line number="47" hits="2" branch="False" />
            <line number="48" hits="2" branch="False" />
            <line number="49" hits="2" branch="False" />
            <line number="50" hits="2" branch="False" />
            <line number="51" hits="2" branch="False" />
            <line number="53" hits="2" branch="False" />
            <line number="54" hits="2" branch="False" />
            <line number="56" hits="2" branch="False" />
            <line number="58" hits="2" branch="False" />
            <line number="59" hits="2" branch="False" />
          </lines>
        </class>
        <class name="FindexiumAPI.Repositories.CurvePointRepository/&lt;DeleteAsync&gt;d__6" filename="Repositories\CurvePointRepository.cs" line-rate="1" branch-rate="1" complexity="2">
          <methods>
            <method name="MoveNext" signature="()" line-rate="1" branch-rate="1" complexity="2">
              <lines>
                <line number="77" hits="3" branch="False" />
                <line number="78" hits="3" branch="False" />
                <line number="79" hits="3" branch="True" condition-coverage="100% (2/2)">
                  <conditions>
                    <condition number="198" type="jump" coverage="100%" />
                  </conditions>
                </line>
                <line number="80" hits="1" branch="False" />
                <line number="82" hits="2" branch="False" />
                <line number="83" hits="2" branch="False" />
                <line number="85" hits="2" branch="False" />
                <line number="86" hits="3" branch="False" />
              </lines>
            </method>
          </methods>
          <lines>
            <line number="77" hits="3" branch="False" />
            <line number="78" hits="3" branch="False" />
            <line number="79" hits="3" branch="True" condition-coverage="100% (2/2)">
              <conditions>
                <condition number="198" type="jump" coverage="100%" />
              </conditions>
            </line>
            <line number="80" hits="1" branch="False" />
            <line number="82" hits="2" branch="False" />
            <line number="83" hits="2" branch="False" />
            <line number="85" hits="2" branch="False" />
            <line number="86" hits="3" branch="False" />
          </lines>
        </class>
        <class name="FindexiumAPI.Repositories.CurvePointRepository/&lt;GetAllAsync&gt;d__2" filename="Repositories\CurvePointRepository.cs" line-rate="1" branch-rate="1" complexity="1">
          <methods>
            <method name="MoveNext" signature="()" line-rate="1" branch-rate="1" complexity="1">
              <lines>
                <line number="17" hits="3" branch="False" />
                <line number="18" hits="3" branch="False" />
                <line number="19" hits="3" branch="False" />
                <line number="20" hits="3" branch="False" />
                <line number="21" hits="3" branch="False" />
                <line number="22" hits="3" branch="False" />
                <line number="23" hits="3" branch="False" />
                <line number="24" hits="3" branch="False" />
                <line number="25" hits="3" branch="False" />
                <line number="26" hits="3" branch="False" />
                <line number="27" hits="3" branch="False" />
              </lines>
            </method>
          </methods>
          <lines>
            <line number="17" hits="3" branch="False" />
            <line number="18" hits="3" branch="False" />
            <line number="19" hits="3" branch="False" />
            <line number="20" hits="3" branch="False" />
            <line number="21" hits="3" branch="False" />
            <line number="22" hits="3" branch="False" />
            <line number="23" hits="3" branch="False" />
            <line number="24" hits="3" branch="False" />
            <line number="25" hits="3" branch="False" />
            <line number="26" hits="3" branch="False" />
            <line number="27" hits="3" branch="False" />
          </lines>
        </class>
        <class name="FindexiumAPI.Repositories.CurvePointRepository/&lt;GetByIdAsync&gt;d__3" filename="Repositories\CurvePointRepository.cs" line-rate="1" branch-rate="1" complexity="2">
          <methods>
            <method name="MoveNext" signature="()" line-rate="1" branch-rate="1" complexity="2">
              <lines>
                <line number="30" hits="4" branch="False" />
                <line number="31" hits="4" branch="False" />
                <line number="32" hits="4" branch="True" condition-coverage="100% (2/2)">
                  <conditions>
                    <condition number="187" type="jump" coverage="100%" />
                  </conditions>
                </line>
                <line number="33" hits="1" branch="False" />
                <line number="35" hits="3" branch="False" />
                <line number="36" hits="3" branch="False" />
                <line number="37" hits="3" branch="False" />
                <line number="38" hits="3" branch="False" />
                <line number="39" hits="3" branch="False" />
                <line number="40" hits="3" branch="False" />
                <line number="41" hits="3" branch="False" />
                <line number="42" hits="4" branch="False" />
              </lines>
            </method>
          </methods>
          <lines>
            <line number="30" hits="4" branch="False" />
            <line number="31" hits="4" branch="False" />
            <line number="32" hits="4" branch="True" condition-coverage="100% (2/2)">
              <conditions>
                <condition number="187" type="jump" coverage="100%" />
              </conditions>
            </line>
            <line number="33" hits="1" branch="False" />
            <line number="35" hits="3" branch="False" />
            <line number="36" hits="3" branch="False" />
            <line number="37" hits="3" branch="False" />
            <line number="38" hits="3" branch="False" />
            <line number="39" hits="3" branch="False" />
            <line number="40" hits="3" branch="False" />
            <line number="41" hits="3" branch="False" />
            <line number="42" hits="4" branch="False" />
          </lines>
        </class>
        <class name="FindexiumAPI.Repositories.CurvePointRepository/&lt;UpdateAsync&gt;d__5" filename="Repositories\CurvePointRepository.cs" line-rate="1" branch-rate="1" complexity="2">
          <methods>
            <method name="MoveNext" signature="()" line-rate="1" branch-rate="1" complexity="2">
              <lines>
                <line number="62" hits="3" branch="False" />
                <line number="63" hits="3" branch="False" />
                <line number="64" hits="3" branch="True" condition-coverage="100% (2/2)">
                  <conditions>
                    <condition number="198" type="jump" coverage="100%" />
                  </conditions>
                </line>
                <line number="65" hits="1" branch="False" />
                <line number="67" hits="2" branch="False" />
                <line number="68" hits="2" branch="False" />
                <line number="69" hits="2" branch="False" />
                <line number="71" hits="2" branch="False" />
                <line number="73" hits="2" branch="False" />
                <line number="74" hits="3" branch="False" />
              </lines>
            </method>
          </methods>
          <lines>
            <line number="62" hits="3" branch="False" />
            <line number="63" hits="3" branch="False" />
            <line number="64" hits="3" branch="True" condition-coverage="100% (2/2)">
              <conditions>
                <condition number="198" type="jump" coverage="100%" />
              </conditions>
            </line>
            <line number="65" hits="1" branch="False" />
            <line number="67" hits="2" branch="False" />
            <line number="68" hits="2" branch="False" />
            <line number="69" hits="2" branch="False" />
            <line number="71" hits="2" branch="False" />
            <line number="73" hits="2" branch="False" />
            <line number="74" hits="3" branch="False" />
          </lines>
        </class>
        <class name="FindexiumAPI.Repositories.RatingRepository" filename="Repositories\RatingRepository.cs" line-rate="1" branch-rate="1" complexity="1">
          <methods>
            <method name=".ctor" signature="(FindexiumAPI.Data.LocalDbContext)" line-rate="1" branch-rate="1" complexity="1">
              <lines>
                <line number="12" hits="17" branch="False" />
                <line number="13" hits="17" branch="False" />
                <line number="14" hits="17" branch="False" />
                <line number="15" hits="17" branch="False" />
              </lines>
            </method>
          </methods>
          <lines>
            <line number="12" hits="17" branch="False" />
            <line number="13" hits="17" branch="False" />
            <line number="14" hits="17" branch="False" />
            <line number="15" hits="17" branch="False" />
          </lines>
        </class>
        <class name="FindexiumAPI.Repositories.RatingRepository/&lt;AddAsync&gt;d__4" filename="Repositories\RatingRepository.cs" line-rate="1" branch-rate="1" complexity="1">
          <methods>
            <method name="MoveNext" signature="()" line-rate="1" branch-rate="1" complexity="1">
              <lines>
                <line number="48" hits="2" branch="False" />
                <line number="49" hits="2" branch="False" />
                <line number="50" hits="2" branch="False" />
                <line number="51" hits="2" branch="False" />
                <line number="52" hits="2" branch="False" />
                <line number="53" hits="2" branch="False" />
                <line number="54" hits="2" branch="False" />
                <line number="55" hits="2" branch="False" />
                <line number="56" hits="2" branch="False" />
                <line number="57" hits="2" branch="False" />
                <line number="59" hits="2" branch="False" />
                <line number="61" hits="2" branch="False" />
                <line number="62" hits="2" branch="False" />
              </lines>
            </method>
          </methods>
          <lines>
            <line number="48" hits="2" branch="False" />
            <line number="49" hits="2" branch="False" />
            <line number="50" hits="2" branch="False" />
            <line number="51" hits="2" branch="False" />
            <line number="52" hits="2" branch="False" />
            <line number="53" hits="2" branch="False" />
            <line number="54" hits="2" branch="False" />
            <line number="55" hits="2" branch="False" />
            <line number="56" hits="2" branch="False" />
            <line number="57" hits="2" branch="False" />
            <line number="59" hits="2" branch="False" />
            <line number="61" hits="2" branch="False" />
            <line number="62" hits="2" branch="False" />
          </lines>
        </class>
        <class name="FindexiumAPI.Repositories.RatingRepository/&lt;DeleteAsync&gt;d__6" filename="Repositories\RatingRepository.cs" line-rate="1" branch-rate="1" complexity="2">
          <methods>
            <method name="MoveNext" signature="()" line-rate="1" branch-rate="1" complexity="2">
              <lines>
                <line number="80" hits="3" branch="False" />
                <line number="81" hits="3" branch="False" />
                <line number="82" hits="3" branch="True" condition-coverage="100% (2/2)">
                  <conditions>
                    <condition number="198" type="jump" coverage="100%" />
                  </conditions>
                </line>
                <line number="83" hits="1" branch="False" />
                <line number="85" hits="2" branch="False" />
                <line number="86" hits="2" branch="False" />
                <line number="88" hits="2" branch="False" />
                <line number="89" hits="3" branch="False" />
              </lines>
            </method>
          </methods>
          <lines>
            <line number="80" hits="3" branch="False" />
            <line number="81" hits="3" branch="False" />
            <line number="82" hits="3" branch="True" condition-coverage="100% (2/2)">
              <conditions>
                <condition number="198" type="jump" coverage="100%" />
              </conditions>
            </line>
            <line number="83" hits="1" branch="False" />
            <line number="85" hits="2" branch="False" />
            <line number="86" hits="2" branch="False" />
            <line number="88" hits="2" branch="False" />
            <line number="89" hits="3" branch="False" />
          </lines>
        </class>
        <class name="FindexiumAPI.Repositories.RatingRepository/&lt;GetAllAsync&gt;d__2" filename="Repositories\RatingRepository.cs" line-rate="1" branch-rate="1" complexity="1">
          <methods>
            <method name="MoveNext" signature="()" line-rate="1" branch-rate="1" complexity="1">
              <lines>
                <line number="18" hits="3" branch="False" />
                <line number="19" hits="3" branch="False" />
                <line number="20" hits="3" branch="False" />
                <line number="21" hits="3" branch="False" />
                <line number="22" hits="3" branch="False" />
                <line number="23" hits="3" branch="False" />
                <line number="24" hits="3" branch="False" />
                <line number="25" hits="3" branch="False" />
                <line number="26" hits="3" branch="False" />
                <line number="27" hits="3" branch="False" />
                <line number="28" hits="3" branch="False" />
                <line number="29" hits="3" branch="False" />
              </lines>
            </method>
          </methods>
          <lines>
            <line number="18" hits="3" branch="False" />
            <line number="19" hits="3" branch="False" />
            <line number="20" hits="3" branch="False" />
            <line number="21" hits="3" branch="False" />
            <line number="22" hits="3" branch="False" />
            <line number="23" hits="3" branch="False" />
            <line number="24" hits="3" branch="False" />
            <line number="25" hits="3" branch="False" />
            <line number="26" hits="3" branch="False" />
            <line number="27" hits="3" branch="False" />
            <line number="28" hits="3" branch="False" />
            <line number="29" hits="3" branch="False" />
          </lines>
        </class>
        <class name="FindexiumAPI.Repositories.RatingRepository/&lt;GetByIdAsync&gt;d__3" filename="Repositories\RatingRepository.cs" line-rate="1" branch-rate="1" complexity="2">
          <methods>
            <method name="MoveNext" signature="()" line-rate="1" branch-rate="1" complexity="2">
              <lines>
                <line number="32" hits="4" branch="False" />
                <line number="33" hits="4" branch="False" />
                <line number="34" hits="4" branch="True" condition-coverage="100% (2/2)">
                  <conditions>
                    <condition number="187" type="jump" coverage="100%" />
                  </conditions>
                </line>
                <line number="35" hits="1" branch="False" />
                <line number="37" hits="3" branch="False" />
                <line number="38" hits="3" branch="False" />
                <line number="39" hits="3" branch="False" />
                <line number="40" hits="3" branch="False" />
                <line number="41" hits="3" branch="False" />
                <line number="42" hits="3" branch="False" />
                <line number="43" hits="3" branch="False" />
                <line number="44" hits="3" branch="False" />
                <line number="45" hits="4" branch="False" />
              </lines>
            </method>
          </methods>
          <lines>
            <line number="32" hits="4" branch="False" />
            <line number="33" hits="4" branch="False" />
            <line number="34" hits="4" branch="True" condition-coverage="100% (2/2)">
              <conditions>
                <condition number="187" type="jump" coverage="100%" />
              </conditions>
            </line>
            <line number="35" hits="1" branch="False" />
            <line number="37" hits="3" branch="False" />
            <line number="38" hits="3" branch="False" />
            <line number="39" hits="3" branch="False" />
            <line number="40" hits="3" branch="False" />
            <line number="41" hits="3" branch="False" />
            <line number="42" hits="3" branch="False" />
            <line number="43" hits="3" branch="False" />
            <line number="44" hits="3" branch="False" />
            <line number="45" hits="4" branch="False" />
          </lines>
        </class>
        <class name="FindexiumAPI.Repositories.RatingRepository/&lt;UpdateAsync&gt;d__5" filename="Repositories\RatingRepository.cs" line-rate="1" branch-rate="1" complexity="2">
          <methods>
            <method name="MoveNext" signature="()" line-rate="1" branch-rate="1" complexity="2">
              <lines>
                <line number="65" hits="3" branch="False" />
                <line number="66" hits="3" branch="False" />
                <line number="67" hits="3" branch="True" condition-coverage="100% (2/2)">
                  <conditions>
                    <condition number="198" type="jump" coverage="100%" />
                  </conditions>
                </line>
                <line number="68" hits="1" branch="False" />
                <line number="70" hits="2" branch="False" />
                <line number="71" hits="2" branch="False" />
                <line number="72" hits="2" branch="False" />
                <line number="73" hits="2" branch="False" />
                <line number="75" hits="2" branch="False" />
                <line number="76" hits="2" branch="False" />
                <line number="77" hits="3" branch="False" />
              </lines>
            </method>
          </methods>
          <lines>
            <line number="65" hits="3" branch="False" />
            <line number="66" hits="3" branch="False" />
            <line number="67" hits="3" branch="True" condition-coverage="100% (2/2)">
              <conditions>
                <condition number="198" type="jump" coverage="100%" />
              </conditions>
            </line>
            <line number="68" hits="1" branch="False" />
            <line number="70" hits="2" branch="False" />
            <line number="71" hits="2" branch="False" />
            <line number="72" hits="2" branch="False" />
            <line number="73" hits="2" branch="False" />
            <line number="75" hits="2" branch="False" />
            <line number="76" hits="2" branch="False" />
            <line number="77" hits="3" branch="False" />
          </lines>
        </class>
        <class name="FindexiumAPI.Repositories.RuleNameRepository" filename="Repositories\RuleNameRepository.cs" line-rate="1" branch-rate="1" complexity="1">
          <methods>
            <method name=".ctor" signature="(FindexiumAPI.Data.LocalDbContext)" line-rate="1" branch-rate="1" complexity="1">
              <lines>
                <line number="12" hits="17" branch="False" />
                <line number="13" hits="17" branch="False" />
                <line number="14" hits="17" branch="False" />
                <line number="15" hits="17" branch="False" />
              </lines>
            </method>
          </methods>
          <lines>
            <line number="12" hits="17" branch="False" />
            <line number="13" hits="17" branch="False" />
            <line number="14" hits="17" branch="False" />
            <line number="15" hits="17" branch="False" />
          </lines>
        </class>
        <class name="FindexiumAPI.Repositories.RuleNameRepository/&lt;AddAsync&gt;d__4" filename="Repositories\RuleNameRepository.cs" line-rate="1" branch-rate="1" complexity="1">
          <methods>
            <method name="MoveNext" signature="()" line-rate="1" branch-rate="1" complexity="1">
              <lines>
                <line number="52" hits="2" branch="False" />
                <line number="53" hits="2" branch="False" />
                <line number="54" hits="2" branch="False" />
                <line number="55" hits="2" branch="False" />
                <line number="56" hits="2" branch="False" />
                <line number="57" hits="2" branch="False" />
                <line number="58" hits="2" branch="False" />
                <line number="59" hits="2" branch="False" />
                <line number="60" hits="2" branch="False" />
                <line number="61" hits="2" branch="False" />
                <line number="63" hits="2" branch="False" />
                <line number="64" hits="2" branch="False" />
                <line number="66" hits="2" branch="False" />
                <line number="68" hits="2" branch="False" />
                <line number="69" hits="2" branch="False" />
              </lines>
            </method>
          </methods>
          <lines>
            <line number="52" hits="2" branch="False" />
            <line number="53" hits="2" branch="False" />
            <line number="54" hits="2" branch="False" />
            <line number="55" hits="2" branch="False" />
            <line number="56" hits="2" branch="False" />
            <line number="57" hits="2" branch="False" />
            <line number="58" hits="2" branch="False" />
            <line number="59" hits="2" branch="False" />
            <line number="60" hits="2" branch="False" />
            <line number="61" hits="2" branch="False" />
            <line number="63" hits="2" branch="False" />
            <line number="64" hits="2" branch="False" />
            <line number="66" hits="2" branch="False" />
            <line number="68" hits="2" branch="False" />
            <line number="69" hits="2" branch="False" />
          </lines>
        </class>
        <class name="FindexiumAPI.Repositories.RuleNameRepository/&lt;DeleteAsync&gt;d__6" filename="Repositories\RuleNameRepository.cs" line-rate="1" branch-rate="1" complexity="2">
          <methods>
            <method name="MoveNext" signature="()" line-rate="1" branch-rate="1" complexity="2">
              <lines>
                <line number="89" hits="3" branch="False" />
                <line number="90" hits="3" branch="False" />
                <line number="91" hits="3" branch="True" condition-coverage="100% (2/2)">
                  <conditions>
                    <condition number="198" type="jump" coverage="100%" />
                  </conditions>
                </line>
                <line number="92" hits="1" branch="False" />
                <line number="94" hits="2" branch="False" />
                <line number="95" hits="2" branch="False" />
                <line number="97" hits="2" branch="False" />
                <line number="98" hits="3" branch="False" />
              </lines>
            </method>
          </methods>
          <lines>
            <line number="89" hits="3" branch="False" />
            <line number="90" hits="3" branch="False" />
            <line number="91" hits="3" branch="True" condition-coverage="100% (2/2)">
              <conditions>
                <condition number="198" type="jump" coverage="100%" />
              </conditions>
            </line>
            <line number="92" hits="1" branch="False" />
            <line number="94" hits="2" branch="False" />
            <line number="95" hits="2" branch="False" />
            <line number="97" hits="2" branch="False" />
            <line number="98" hits="3" branch="False" />
          </lines>
        </class>
        <class name="FindexiumAPI.Repositories.RuleNameRepository/&lt;GetAllAsync&gt;d__2" filename="Repositories\RuleNameRepository.cs" line-rate="1" branch-rate="1" complexity="1">
          <methods>
            <method name="MoveNext" signature="()" line-rate="1" branch-rate="1" complexity="1">
              <lines>
                <line number="18" hits="3" branch="False" />
                <line number="19" hits="3" branch="False" />
                <line number="20" hits="3" branch="False" />
                <line number="21" hits="3" branch="False" />
                <line number="22" hits="3" branch="False" />
                <line number="23" hits="3" branch="False" />
                <line number="24" hits="3" branch="False" />
                <line number="25" hits="3" branch="False" />
                <line number="26" hits="3" branch="False" />
                <line number="27" hits="3" branch="False" />
                <line number="28" hits="3" branch="False" />
                <line number="29" hits="3" branch="False" />
                <line number="30" hits="3" branch="False" />
                <line number="31" hits="3" branch="False" />
              </lines>
            </method>
          </methods>
          <lines>
            <line number="18" hits="3" branch="False" />
            <line number="19" hits="3" branch="False" />
            <line number="20" hits="3" branch="False" />
            <line number="21" hits="3" branch="False" />
            <line number="22" hits="3" branch="False" />
            <line number="23" hits="3" branch="False" />
            <line number="24" hits="3" branch="False" />
            <line number="25" hits="3" branch="False" />
            <line number="26" hits="3" branch="False" />
            <line number="27" hits="3" branch="False" />
            <line number="28" hits="3" branch="False" />
            <line number="29" hits="3" branch="False" />
            <line number="30" hits="3" branch="False" />
            <line number="31" hits="3" branch="False" />
          </lines>
        </class>
        <class name="FindexiumAPI.Repositories.RuleNameRepository/&lt;GetByIdAsync&gt;d__3" filename="Repositories\RuleNameRepository.cs" line-rate="1" branch-rate="1" complexity="2">
          <methods>
            <method name="MoveNext" signature="()" line-rate="1" branch-rate="1" complexity="2">
              <lines>
                <line number="34" hits="4" branch="False" />
                <line number="35" hits="4" branch="False" />
                <line number="36" hits="4" branch="True" condition-coverage="100% (2/2)">
                  <conditions>
                    <condition number="187" type="jump" coverage="100%" />
                  </conditions>
                </line>
                <line number="37" hits="1" branch="False" />
                <line number="39" hits="3" branch="False" />
                <line number="40" hits="3" branch="False" />
                <line number="41" hits="3" branch="False" />
                <line number="42" hits="3" branch="False" />
                <line number="43" hits="3" branch="False" />
                <line number="44" hits="3" branch="False" />
                <line number="45" hits="3" branch="False" />
                <line number="46" hits="3" branch="False" />
                <line number="47" hits="3" branch="False" />
                <line number="48" hits="3" branch="False" />
                <line number="49" hits="4" branch="False" />
              </lines>
            </method>
          </methods>
          <lines>
            <line number="34" hits="4" branch="False" />
            <line number="35" hits="4" branch="False" />
            <line number="36" hits="4" branch="True" condition-coverage="100% (2/2)">
              <conditions>
                <condition number="187" type="jump" coverage="100%" />
              </conditions>
            </line>
            <line number="37" hits="1" branch="False" />
            <line number="39" hits="3" branch="False" />
            <line number="40" hits="3" branch="False" />
            <line number="41" hits="3" branch="False" />
            <line number="42" hits="3" branch="False" />
            <line number="43" hits="3" branch="False" />
            <line number="44" hits="3" branch="False" />
[...]
            <line number="44" hits="2" branch="True" condition-coverage="100% (2/2)">
              <conditions>
                <condition number="39" type="jump" coverage="100%" />
              </conditions>
            </line>
            <line number="45" hits="1" branch="False" />
            <line number="47" hits="1" branch="False" />
            <line number="48" hits="1" branch="False" />
            <line number="49" hits="2" branch="False" />
          </lines>
        </class>
        <class name="FindexiumAPI.Controllers.TradeController/&lt;PutTrade&gt;d__5" filename="Controllers\TradeController.cs" line-rate="1" branch-rate="1" complexity="6">
          <methods>
            <method name="MoveNext" signature="()" line-rate="1" branch-rate="1" complexity="6">
              <lines>
                <line number="54" hits="4" branch="False" />
                <line number="55" hits="4" branch="True" condition-coverage="100% (2/2)">
                  <conditions>
                    <condition number="42" type="jump" coverage="100%" />
                  </conditions>
                </line>
                <line number="56" hits="1" branch="False" />
                <line number="58" hits="3" branch="True" condition-coverage="100% (2/2)">
                  <conditions>
                    <condition number="87" type="jump" coverage="100%" />
                  </conditions>
                </line>
                <line number="59" hits="1" branch="False" />
                <line number="61" hits="2" branch="False" />
                <line number="62" hits="2" branch="True" condition-coverage="100% (2/2)">
                  <conditions>
                    <condition number="269" type="jump" coverage="100%" />
                  </conditions>
                </line>
                <line number="63" hits="1" branch="False" />
                <line number="65" hits="1" branch="False" />
                <line number="66" hits="4" branch="False" />
              </lines>
            </method>
          </methods>
          <lines>
            <line number="54" hits="4" branch="False" />
            <line number="55" hits="4" branch="True" condition-coverage="100% (2/2)">
              <conditions>
                <condition number="42" type="jump" coverage="100%" />
              </conditions>
            </line>
            <line number="56" hits="1" branch="False" />
            <line number="58" hits="3" branch="True" condition-coverage="100% (2/2)">
              <conditions>
                <condition number="87" type="jump" coverage="100%" />
              </conditions>
            </line>
            <line number="59" hits="1" branch="False" />
            <line number="61" hits="2" branch="False" />
            <line number="62" hits="2" branch="True" condition-coverage="100% (2/2)">
              <conditions>
                <condition number="269" type="jump" coverage="100%" />
              </conditions>
            </line>
            <line number="63" hits="1" branch="False" />
            <line number="65" hits="1" branch="False" />
            <line number="66" hits="4" branch="False" />
          </lines>
        </class>
        <class name="FindexiumAPI.Controllers.UserController" filename="Controllers\UserController.cs" line-rate="1" branch-rate="1" complexity="1">
          <methods>
            <method name=".ctor" signature="(FindexiumAPI.Repositories.IUserRepository)" line-rate="1" branch-rate="1" complexity="1">
              <lines>
                <line number="14" hits="36" branch="False" />
                <line number="15" hits="36" branch="False" />
                <line number="16" hits="36" branch="False" />
                <line number="17" hits="36" branch="False" />
              </lines>
            </method>
          </methods>
          <lines>
            <line number="14" hits="36" branch="False" />
            <line number="15" hits="36" branch="False" />
            <line number="16" hits="36" branch="False" />
            <line number="17" hits="36" branch="False" />
          </lines>
        </class>
        <class name="FindexiumAPI.Controllers.UserController/&lt;DeleteUser&gt;d__6" filename="Controllers\UserController.cs" line-rate="0.875" branch-rate="0.75" complexity="4">
          <methods>
            <method name="MoveNext" signature="()" line-rate="0.875" branch-rate="0.75" complexity="4">
              <lines>
                <line number="92" hits="2" branch="False" />
                <line number="93" hits="2" branch="False" />
                <line number="94" hits="2" branch="True" condition-coverage="100% (2/2)">
                  <conditions>
                    <condition number="169" type="jump" coverage="100%" />
                  </conditions>
                </line>
                <line number="95" hits="2" branch="True" condition-coverage="50% (1/2)">
                  <conditions>
                    <condition number="197" type="jump" coverage="50%" />
                  </conditions>
                </line>
                <line number="96" hits="1" branch="False" />
                <line number="98" hits="0" branch="False" />
                <line number="101" hits="1" branch="False" />
                <line number="102" hits="2" branch="False" />
              </lines>
            </method>
          </methods>
          <lines>
            <line number="92" hits="2" branch="False" />
            <line number="93" hits="2" branch="False" />
            <line number="94" hits="2" branch="True" condition-coverage="100% (2/2)">
              <conditions>
                <condition number="169" type="jump" coverage="100%" />
              </conditions>
            </line>
            <line number="95" hits="2" branch="True" condition-coverage="50% (1/2)">
              <conditions>
                <condition number="197" type="jump" coverage="50%" />
              </conditions>
            </line>
            <line number="96" hits="1" branch="False" />
            <line number="98" hits="0" branch="False" />
            <line number="101" hits="1" branch="False" />
            <line number="102" hits="2" branch="False" />
          </lines>
        </class>
        <class name="FindexiumAPI.Controllers.UserController/&lt;GetUser&gt;d__3" filename="Controllers\UserController.cs" line-rate="1" branch-rate="1" complexity="2">
          <methods>
            <method name="MoveNext" signature="()" line-rate="1" branch-rate="1" complexity="2">
              <lines>
                <line number="35" hits="4" branch="False" />
                <line number="36" hits="4" branch="False" />
                <line number="37" hits="4" branch="True" condition-coverage="100% (2/2)">
                  <conditions>
                    <condition number="164" type="jump" coverage="100%" />
                  </conditions>
                </line>
                <line number="38" hits="2" branch="False" />
                <line number="40" hits="2" branch="False" />
                <line number="41" hits="4" branch="False" />
              </lines>
            </method>
          </methods>
          <lines>
            <line number="35" hits="4" branch="False" />
            <line number="36" hits="4" branch="False" />
            <line number="37" hits="4" branch="True" condition-coverage="100% (2/2)">
              <conditions>
                <condition number="164" type="jump" coverage="100%" />
              </conditions>
            </line>
            <line number="38" hits="2" branch="False" />
            <line number="40" hits="2" branch="False" />
            <line number="41" hits="4" branch="False" />
          </lines>
        </class>
        <class name="FindexiumAPI.Controllers.UserController/&lt;GetUsers&gt;d__2" filename="Controllers\UserController.cs" line-rate="1" branch-rate="1" complexity="2">
          <methods>
            <method name="MoveNext" signature="()" line-rate="1" branch-rate="1" complexity="2">
              <lines>
                <line number="23" hits="4" branch="False" />
                <line number="24" hits="4" branch="False" />
                <line number="25" hits="4" branch="True" condition-coverage="100% (2/2)">
                  <conditions>
                    <condition number="163" type="jump" coverage="100%" />
                  </conditions>
                </line>
                <line number="26" hits="2" branch="False" />
                <line number="28" hits="2" branch="False" />
                <line number="29" hits="4" branch="False" />
              </lines>
            </method>
          </methods>
          <lines>
            <line number="23" hits="4" branch="False" />
            <line number="24" hits="4" branch="False" />
            <line number="25" hits="4" branch="True" condition-coverage="100% (2/2)">
              <conditions>
                <condition number="163" type="jump" coverage="100%" />
              </conditions>
            </line>
            <line number="26" hits="2" branch="False" />
            <line number="28" hits="2" branch="False" />
            <line number="29" hits="4" branch="False" />
          </lines>
        </class>
        <class name="FindexiumAPI.Controllers.UserController/&lt;PostUser&gt;d__4" filename="Controllers\UserController.cs" line-rate="0.6363" branch-rate="0.5" complexity="6">
          <methods>
            <method name="MoveNext" signature="()" line-rate="0.6363" branch-rate="0.5" complexity="6">
              <lines>
                <line number="47" hits="2" branch="False" />
                <line number="48" hits="2" branch="True" condition-coverage="100% (2/2)">
                  <conditions>
                    <condition number="39" type="jump" coverage="100%" />
                  </conditions>
                </line>
                <line number="49" hits="1" branch="False" />
                <line number="51" hits="1" branch="False" />
                <line number="52" hits="1" branch="True" condition-coverage="50% (1/2)">
                  <conditions>
                    <condition number="229" type="jump" coverage="50%" />
                  </conditions>
                </line>
                <line number="53" hits="0" branch="False" />
                <line number="54" hits="0" branch="True" condition-coverage="0% (0/2)">
                  <conditions>
                    <condition number="257" type="jump" coverage="0%" />
                  </conditions>
                </line>
                <line number="55" hits="0" branch="False" />
                <line number="57" hits="0" branch="False" />
                <line number="60" hits="1" branch="False" />
                <line number="61" hits="2" branch="False" />
              </lines>
            </method>
          </methods>
          <lines>
            <line number="47" hits="2" branch="False" />
            <line number="48" hits="2" branch="True" condition-coverage="100% (2/2)">
              <conditions>
                <condition number="39" type="jump" coverage="100%" />
              </conditions>
            </line>
            <line number="49" hits="1" branch="False" />
            <line number="51" hits="1" branch="False" />
            <line number="52" hits="1" branch="True" condition-coverage="50% (1/2)">
              <conditions>
                <condition number="229" type="jump" coverage="50%" />
              </conditions>
            </line>
            <line number="53" hits="0" branch="False" />
            <line number="54" hits="0" branch="True" condition-coverage="0% (0/2)">
              <conditions>
                <condition number="257" type="jump" coverage="0%" />
              </conditions>
            </line>
            <line number="55" hits="0" branch="False" />
            <line number="57" hits="0" branch="False" />
            <line number="60" hits="1" branch="False" />
            <line number="61" hits="2" branch="False" />
          </lines>
        </class>
        <class name="FindexiumAPI.Controllers.UserController/&lt;PutUser&gt;d__5" filename="Controllers\UserController.cs" line-rate="0.8" branch-rate="0.7" complexity="10">
          <methods>
            <method name="MoveNext" signature="()" line-rate="0.8" branch-rate="0.7" complexity="10">
              <lines>
                <line number="67" hits="4" branch="False" />
                <line number="68" hits="4" branch="True" condition-coverage="100% (2/2)">
                  <conditions>
                    <condition number="42" type="jump" coverage="100%" />
                  </conditions>
                </line>
                <line number="69" hits="1" branch="False" />
                <line number="71" hits="3" branch="True" condition-coverage="100% (2/2)">
                  <conditions>
                    <condition number="87" type="jump" coverage="100%" />
                  </conditions>
                </line>
                <line number="72" hits="1" branch="False" />
                <line number="74" hits="2" branch="False" />
                <line number="75" hits="2" branch="True" condition-coverage="100% (2/2)">
                  <conditions>
                    <condition number="281" type="jump" coverage="100%" />
                  </conditions>
                </line>
                <line number="76" hits="1" branch="False" />
                <line number="77" hits="1" branch="True" condition-coverage="50% (1/2)">
                  <conditions>
                    <condition number="312" type="jump" coverage="50%" />
                  </conditions>
                </line>
                <line number="78" hits="1" branch="False" />
                <line number="79" hits="0" branch="True" condition-coverage="0% (0/2)">
                  <conditions>
                    <condition number="367" type="jump" coverage="0%" />
                  </conditions>
                </line>
                <line number="80" hits="0" branch="False" />
                <line number="82" hits="0" branch="False" />
                <line number="85" hits="1" branch="False" />
                <line number="86" hits="4" branch="False" />
              </lines>
            </method>
          </methods>
          <lines>
            <line number="67" hits="4" branch="False" />
            <line number="68" hits="4" branch="True" condition-coverage="100% (2/2)">
              <conditions>
                <condition number="42" type="jump" coverage="100%" />
              </conditions>
            </line>
            <line number="69" hits="1" branch="False" />
            <line number="71" hits="3" branch="True" condition-coverage="100% (2/2)">
              <conditions>
                <condition number="87" type="jump" coverage="100%" />
              </conditions>
            </line>
            <line number="72" hits="1" branch="False" />
            <line number="74" hits="2" branch="False" />
            <line number="75" hits="2" branch="True" condition-coverage="100% (2/2)">
              <conditions>
                <condition number="281" type="jump" coverage="100%" />
              </conditions>
            </line>
            <line number="76" hits="1" branch="False" />
            <line number="77" hits="1" branch="True" condition-coverage="50% (1/2)">
              <conditions>
                <condition number="312" type="jump" coverage="50%" />
              </conditions>
            </line>
            <line number="78" hits="1" branch="False" />
            <line number="79" hits="0" branch="True" condition-coverage="0% (0/2)">
              <conditions>
                <condition number="367" type="jump" coverage="0%" />
              </conditions>
            </line>
            <line number="80" hits="0" branch="False" />
            <line number="82" hits="0" branch="False" />
            <line number="85" hits="1" branch="False" />
            <line number="86" hits="4" branch="False" />
          </lines>
        </class>
        <class name="FindexiumAPI.Common.JwtSettings" filename="Common\JwtSettings.cs" line-rate="1" branch-rate="1" complexity="4">
          <methods>
            <method name="get_SecretKey" signature="()" line-rate="1" branch-rate="1" complexity="1">
              <lines>
                <line number="5" hits="53" branch="False" />
              </lines>
            </method>
            <method name="get_Issuer" signature="()" line-rate="1" branch-rate="1" complexity="1">
              <lines>
                <line number="6" hits="53" branch="False" />
              </lines>
            </method>
            <method name="get_Audience" signature="()" line-rate="1" branch-rate="1" complexity="1">
              <lines>
                <line number="7" hits="53" branch="False" />
              </lines>
            </method>
            <method name="get_ExpirationInMinutes" signature="()" line-rate="1" branch-rate="1" complexity="1">
              <lines>
                <line number="8" hits="35" branch="False" />
              </lines>
            </method>
          </methods>
          <lines>
            <line number="5" hits="53" branch="False" />
            <line number="6" hits="53" branch="False" />
            <line number="7" hits="53" branch="False" />
            <line number="8" hits="35" branch="False" />
          </lines>
        </class>
        <class name="FindexiumAPI.Common.Result`1" filename="Common\Result.cs" line-rate="1" branch-rate="1" complexity="6">
          <methods>
            <method name="get_IsSuccess" signature="()" line-rate="1" branch-rate="1" complexity="1">
              <lines>
                <line number="5" hits="78" branch="False" />
              </lines>
            </method>
            <method name="get_Data" signature="()" line-rate="1" branch-rate="1" complexity="1">
              <lines>
                <line number="6" hits="123" branch="False" />
              </lines>
            </method>
            <method name="get_ErrorMessage" signature="()" line-rate="1" branch-rate="1" complexity="1">
              <lines>
                <line number="7" hits="95" branch="False" />
              </lines>
            </method>
            <method name="get_Code" signature="()" line-rate="1" branch-rate="1" complexity="1">
              <lines>
                <line number="8" hits="92" branch="False" />
              </lines>
            </method>
            <method name="Ok" signature="(T)" line-rate="1" branch-rate="1" complexity="1">
              <lines>
                <line number="12" hits="34" branch="False" />
                <line number="13" hits="34" branch="False" />
                <line number="14" hits="34" branch="False" />
              </lines>
            </method>
            <method name="Fail" signature="(System.String,System.String)" line-rate="1" branch-rate="1" complexity="1">
              <lines>
                <line number="16" hits="22" branch="False" />
                <line number="17" hits="22" branch="False" />
                <line number="18" hits="22" branch="False" />
              </lines>
            </method>
          </methods>
          <lines>
            <line number="5" hits="78" branch="False" />
            <line number="6" hits="123" branch="False" />
            <line number="7" hits="95" branch="False" />
            <line number="8" hits="92" branch="False" />
            <line number="12" hits="34" branch="False" />
            <line number="13" hits="34" branch="False" />
            <line number="14" hits="34" branch="False" />
            <line number="16" hits="22" branch="False" />
            <line number="17" hits="22" branch="False" />
            <line number="18" hits="22" branch="False" />
          </lines>
        </class>
      </classes>
    </package>
  </packages>
</coverage>